This is pdfTeX, Version 3.141592653-2.6-1.40.25 (TeX Live 2023) (preloaded format=pdflatex 2023.12.25)  6 MAY 2026 16:55
entering extended mode
 restricted \write18 enabled.
 %&-line parsing enabled.
**main.tex
(./main.tex
LaTeX2e <2022-11-01> patch level 1
L3 programming layer <2023-02-22>
(/usr/local/texlive/2023/texmf-dist/tex/latex/base/article.cls
Document Class: article 2022/07/02 v1.4n Standard LaTeX document class
(/usr/local/texlive/2023/texmf-dist/tex/latex/base/size11.clo
File: size11.clo 2022/07/02 v1.4n Standard LaTeX file (size option)
)
\c@part=\count185
\c@section=\count186
\c@subsection=\count187
\c@subsubsection=\count188
\c@paragraph=\count189
\c@subparagraph=\count190
\c@figure=\count191
\c@table=\count192
\abovecaptionskip=\skip48
\belowcaptionskip=\skip49
\bibindent=\dimen140
)
(/usr/local/texlive/2023/texmf-dist/tex/latex/geometry/geometry.sty
Package: geometry 2020/01/02 v5.9 Page Geometry

(/usr/local/texlive/2023/texmf-dist/tex/latex/graphics/keyval.sty
Package: keyval 2022/05/29 v1.15 key=value parser (DPC)
\KV@toks@=\toks16
)
(/usr/local/texlive/2023/texmf-dist/tex/generic/iftex/ifvtex.sty
Package: ifvtex 2019/10/25 v1.7 ifvtex legacy package. Use iftex instead.

(/usr/local/texlive/2023/texmf-dist/tex/generic/iftex/iftex.sty
Package: iftex 2022/02/03 v1.0f TeX engine tests
))
\Gm@cnth=\count193
\Gm@cntv=\count194
\c@Gm@tempcnt=\count195
\Gm@bindingoffset=\dimen141
\Gm@wd@mp=\dimen142
\Gm@odd@mp=\dimen143
\Gm@even@mp=\dimen144
\Gm@layoutwidth=\dimen145
\Gm@layoutheight=\dimen146
\Gm@layouthoffset=\dimen147
\Gm@layoutvoffset=\dimen148
\Gm@dimlist=\toks17
)
(/usr/local/texlive/2023/texmf-dist/tex/latex/amsmath/amsmath.sty
Package: amsmath 2022/04/08 v2.17n AMS math features
\@mathmargin=\skip50

For additional information on amsmath, use the `?' option.
(/usr/local/texlive/2023/texmf-dist/tex/latex/amsmath/amstext.sty
Package: amstext 2021/08/26 v2.01 AMS text

(/usr/local/texlive/2023/texmf-dist/tex/latex/amsmath/amsgen.sty
File: amsgen.sty 1999/11/30 v2.0 generic functions
\@emptytoks=\toks18
\ex@=\dimen149
))
(/usr/local/texlive/2023/texmf-dist/tex/latex/amsmath/amsbsy.sty
Package: amsbsy 1999/11/29 v1.2d Bold Symbols
\pmbraise@=\dimen150
)
(/usr/local/texlive/2023/texmf-dist/tex/latex/amsmath/amsopn.sty
Package: amsopn 2022/04/08 v2.04 operator names
)
\inf@bad=\count196
LaTeX Info: Redefining \frac on input line 234.
\uproot@=\count197
\leftroot@=\count198
LaTeX Info: Redefining \overline on input line 399.
LaTeX Info: Redefining \colon on input line 410.
\classnum@=\count199
\DOTSCASE@=\count266
LaTeX Info: Redefining \ldots on input line 496.
LaTeX Info: Redefining \dots on input line 499.
LaTeX Info: Redefining \cdots on input line 620.
\Mathstrutbox@=\box51
\strutbox@=\box52
LaTeX Info: Redefining \big on input line 722.
LaTeX Info: Redefining \Big on input line 723.
LaTeX Info: Redefining \bigg on input line 724.
LaTeX Info: Redefining \Bigg on input line 725.
\big@size=\dimen151
LaTeX Font Info:    Redeclaring font encoding OML on input line 743.
LaTeX Font Info:    Redeclaring font encoding OMS on input line 744.
\macc@depth=\count267
LaTeX Info: Redefining \bmod on input line 905.
LaTeX Info: Redefining \pmod on input line 910.
LaTeX Info: Redefining \smash on input line 940.
LaTeX Info: Redefining \relbar on input line 970.
LaTeX Info: Redefining \Relbar on input line 971.
\c@MaxMatrixCols=\count268
\dotsspace@=\muskip16
\c@parentequation=\count269
\dspbrk@lvl=\count270
\tag@help=\toks19
\row@=\count271
\column@=\count272
\maxfields@=\count273
\andhelp@=\toks20
\eqnshift@=\dimen152
\alignsep@=\dimen153
\tagshift@=\dimen154
\tagwidth@=\dimen155
\totwidth@=\dimen156
\lineht@=\dimen157
\@envbody=\toks21
\multlinegap=\skip51
\multlinetaggap=\skip52
\mathdisplay@stack=\toks22
LaTeX Info: Redefining \[ on input line 2953.
LaTeX Info: Redefining \] on input line 2954.
)
(/usr/local/texlive/2023/texmf-dist/tex/latex/amsfonts/amssymb.sty
Package: amssymb 2013/01/14 v3.01 AMS font symbols

(/usr/local/texlive/2023/texmf-dist/tex/latex/amsfonts/amsfonts.sty
Package: amsfonts 2013/01/14 v3.01 Basic AMSFonts support
\symAMSa=\mathgroup4
\symAMSb=\mathgroup5
LaTeX Font Info:    Redeclaring math symbol \hbar on input line 98.
LaTeX Font Info:    Overwriting math alphabet `\mathfrak' in version `bold'
(Font)                  U/euf/m/n --> U/euf/b/n on input line 106.
))
(/usr/local/texlive/2023/texmf-dist/tex/latex/graphics/graphicx.sty
Package: graphicx 2021/09/16 v1.2d Enhanced LaTeX Graphics (DPC,SPQR)

(/usr/local/texlive/2023/texmf-dist/tex/latex/graphics/graphics.sty
Package: graphics 2022/03/10 v1.4e Standard LaTeX Graphics (DPC,SPQR)

(/usr/local/texlive/2023/texmf-dist/tex/latex/graphics/trig.sty
Package: trig 2021/08/11 v1.11 sin cos tan (DPC)
)
(/usr/local/texlive/2023/texmf-dist/tex/latex/graphics-cfg/graphics.cfg
File: graphics.cfg 2016/06/04 v1.11 sample graphics configuration
)
Package graphics Info: Driver file: pdftex.def on input line 107.

(/usr/local/texlive/2023/texmf-dist/tex/latex/graphics-def/pdftex.def
File: pdftex.def 2022/09/22 v1.2b Graphics/color driver for pdftex
))
\Gin@req@height=\dimen158
\Gin@req@width=\dimen159
)
(/usr/local/texlive/2023/texmf-dist/tex/latex/booktabs/booktabs.sty
Package: booktabs 2020/01/12 v1.61803398 Publication quality tables
\heavyrulewidth=\dimen160
\lightrulewidth=\dimen161
\cmidrulewidth=\dimen162
\belowrulesep=\dimen163
\belowbottomsep=\dimen164
\aboverulesep=\dimen165
\abovetopsep=\dimen166
\cmidrulesep=\dimen167
\cmidrulekern=\dimen168
\defaultaddspace=\dimen169
\@cmidla=\count274
\@cmidlb=\count275
\@aboverulesep=\dimen170
\@belowrulesep=\dimen171
\@thisruleclass=\count276
\@lastruleclass=\count277
\@thisrulewidth=\dimen172
)
(/usr/local/texlive/2023/texmf-dist/tex/latex/tools/array.sty
Package: array 2022/09/04 v2.5g Tabular extension package (FMi)
\col@sep=\dimen173
\ar@mcellbox=\box53
\extrarowheight=\dimen174
\NC@list=\toks23
\extratabsurround=\skip53
\backup@length=\skip54
\ar@cellbox=\box54
)
(/usr/local/texlive/2023/texmf-dist/tex/latex/tools/tabularx.sty
Package: tabularx 2020/01/15 v2.11c `tabularx' package (DPC)
\TX@col@width=\dimen175
\TX@old@table=\dimen176
\TX@old@col=\dimen177
\TX@target=\dimen178
\TX@delta=\dimen179
\TX@cols=\count278
\TX@ftn=\toks24
)
(/usr/local/texlive/2023/texmf-dist/tex/latex/float/float.sty
Package: float 2001/11/08 v1.3d Float enhancements (AL)
\c@float@type=\count279
\float@exts=\toks25
\float@box=\box55
\@float@everytoks=\toks26
\@floatcapt=\box56
)
(/usr/local/texlive/2023/texmf-dist/tex/latex/caption/caption.sty
Package: caption 2023/03/12 v3.6j Customizing captions (AR)

(/usr/local/texlive/2023/texmf-dist/tex/latex/caption/caption3.sty
Package: caption3 2023/03/12 v2.4 caption3 kernel (AR)
\caption@tempdima=\dimen180
\captionmargin=\dimen181
\caption@leftmargin=\dimen182
\caption@rightmargin=\dimen183
\caption@width=\dimen184
\caption@indent=\dimen185
\caption@parindent=\dimen186
\caption@hangindent=\dimen187
Package caption Info: Standard document class detected.
)
\c@caption@flags=\count280
\c@continuedfloat=\count281
Package caption Info: float package is loaded.
)
(/usr/local/texlive/2023/texmf-dist/tex/latex/caption/subcaption.sty
Package: subcaption 2023/02/19 v1.6 Sub-captions (AR)
Package caption Info: New subtype `subfigure' on input line 239.
\c@subfigure=\count282
Package caption Info: New subtype `subtable' on input line 239.
\c@subtable=\count283
)
(/usr/local/texlive/2023/texmf-dist/tex/latex/microtype/microtype.sty
Package: microtype 2023/03/13 v3.1a Micro-typographical refinements (RS)

(/usr/local/texlive/2023/texmf-dist/tex/latex/etoolbox/etoolbox.sty
Package: etoolbox 2020/10/05 v2.5k e-TeX tools for LaTeX (JAW)
\etb@tempcnta=\count284
)
\MT@toks=\toks27
\MT@tempbox=\box57
\MT@count=\count285
LaTeX Info: Redefining \noprotrusionifhmode on input line 1059.
LaTeX Info: Redefining \leftprotrusion on input line 1060.
\MT@prot@toks=\toks28
LaTeX Info: Redefining \rightprotrusion on input line 1078.
LaTeX Info: Redefining \textls on input line 1368.
\MT@outer@kern=\dimen188
LaTeX Info: Redefining \textmicrotypecontext on input line 1988.
\MT@listname@count=\count286

(/usr/local/texlive/2023/texmf-dist/tex/latex/microtype/microtype-pdftex.def
File: microtype-pdftex.def 2023/03/13 v3.1a Definitions specific to pdftex (RS)

LaTeX Info: Redefining \lsstyle on input line 902.
LaTeX Info: Redefining \lslig on input line 902.
\MT@outer@space=\skip55
)
Package microtype Info: Loading configuration file microtype.cfg.

(/usr/local/texlive/2023/texmf-dist/tex/latex/microtype/microtype.cfg
File: microtype.cfg 2023/03/13 v3.1a microtype main configuration file (RS)
))
(/usr/local/texlive/2023/texmf-dist/tex/latex/hyperref/hyperref.sty
Package: hyperref 2023-02-07 v7.00v Hypertext links for LaTeX

(/usr/local/texlive/2023/texmf-dist/tex/generic/ltxcmds/ltxcmds.sty
Package: ltxcmds 2020-05-10 v1.25 LaTeX kernel commands for general use (HO)
)
(/usr/local/texlive/2023/texmf-dist/tex/generic/pdftexcmds/pdftexcmds.sty
Package: pdftexcmds 2020-06-27 v0.33 Utility functions of pdfTeX for LuaTeX (HO
)

(/usr/local/texlive/2023/texmf-dist/tex/generic/infwarerr/infwarerr.sty
Package: infwarerr 2019/12/03 v1.5 Providing info/warning/error messages (HO)
)
Package pdftexcmds Info: \pdf@primitive is available.
Package pdftexcmds Info: \pdf@ifprimitive is available.
Package pdftexcmds Info: \pdfdraftmode found.
)
(/usr/local/texlive/2023/texmf-dist/tex/latex/kvsetkeys/kvsetkeys.sty
Package: kvsetkeys 2022-10-05 v1.19 Key value parser (HO)
)
(/usr/local/texlive/2023/texmf-dist/tex/generic/kvdefinekeys/kvdefinekeys.sty
Package: kvdefinekeys 2019-12-19 v1.6 Define keys (HO)
)
(/usr/local/texlive/2023/texmf-dist/tex/generic/pdfescape/pdfescape.sty
Package: pdfescape 2019/12/09 v1.15 Implements pdfTeX's escape features (HO)
)
(/usr/local/texlive/2023/texmf-dist/tex/latex/hycolor/hycolor.sty
Package: hycolor 2020-01-27 v1.10 Color options for hyperref/bookmark (HO)
)
(/usr/local/texlive/2023/texmf-dist/tex/latex/letltxmacro/letltxmacro.sty
Package: letltxmacro 2019/12/03 v1.6 Let assignment for LaTeX macros (HO)
)
(/usr/local/texlive/2023/texmf-dist/tex/latex/auxhook/auxhook.sty
Package: auxhook 2019-12-17 v1.6 Hooks for auxiliary files (HO)
)
(/usr/local/texlive/2023/texmf-dist/tex/latex/hyperref/nameref.sty
Package: nameref 2022-05-17 v2.50 Cross-referencing by name of section

(/usr/local/texlive/2023/texmf-dist/tex/latex/refcount/refcount.sty
Package: refcount 2019/12/15 v3.6 Data extraction from label references (HO)
)
(/usr/local/texlive/2023/texmf-dist/tex/generic/gettitlestring/gettitlestring.s
ty
Package: gettitlestring 2019/12/15 v1.6 Cleanup title references (HO)
 (/usr/local/texlive/2023/texmf-dist/tex/latex/kvoptions/kvoptions.sty
Package: kvoptions 2022-06-15 v3.15 Key value format for package options (HO)
))
\c@section@level=\count287
)
\@linkdim=\dimen189
\Hy@linkcounter=\count288
\Hy@pagecounter=\count289

(/usr/local/texlive/2023/texmf-dist/tex/latex/hyperref/pd1enc.def
File: pd1enc.def 2023-02-07 v7.00v Hyperref: PDFDocEncoding definition (HO)
Now handling font encoding PD1 ...
... no UTF-8 mapping file for font encoding PD1
)
(/usr/local/texlive/2023/texmf-dist/tex/generic/intcalc/intcalc.sty
Package: intcalc 2019/12/15 v1.3 Expandable calculations with integers (HO)
)
(/usr/local/texlive/2023/texmf-dist/tex/generic/etexcmds/etexcmds.sty
Package: etexcmds 2019/12/15 v1.7 Avoid name clashes with e-TeX commands (HO)
)
\Hy@SavedSpaceFactor=\count290

(/usr/local/texlive/2023/texmf-dist/tex/latex/hyperref/puenc.def
File: puenc.def 2023-02-07 v7.00v Hyperref: PDF Unicode definition (HO)
Now handling font encoding PU ...
... no UTF-8 mapping file for font encoding PU
)
Package hyperref Info: Hyper figures OFF on input line 4177.
Package hyperref Info: Link nesting OFF on input line 4182.
Package hyperref Info: Hyper index ON on input line 4185.
Package hyperref Info: Plain pages OFF on input line 4192.
Package hyperref Info: Backreferencing OFF on input line 4197.
Package hyperref Info: Implicit mode ON; LaTeX internals redefined.
Package hyperref Info: Bookmarks ON on input line 4425.
\c@Hy@tempcnt=\count291

(/usr/local/texlive/2023/texmf-dist/tex/latex/url/url.sty
\Urlmuskip=\muskip17
Package: url 2013/09/16  ver 3.4  Verb mode for urls, etc.
)
LaTeX Info: Redefining \url on input line 4763.
\XeTeXLinkMargin=\dimen190

(/usr/local/texlive/2023/texmf-dist/tex/generic/bitset/bitset.sty
Package: bitset 2019/12/09 v1.3 Handle bit-vector datatype (HO)

(/usr/local/texlive/2023/texmf-dist/tex/generic/bigintcalc/bigintcalc.sty
Package: bigintcalc 2019/12/15 v1.5 Expandable calculations on big integers (HO
)
))
\Fld@menulength=\count292
\Field@Width=\dimen191
\Fld@charsize=\dimen192
Package hyperref Info: Hyper figures OFF on input line 6042.
Package hyperref Info: Link nesting OFF on input line 6047.
Package hyperref Info: Hyper index ON on input line 6050.
Package hyperref Info: backreferencing OFF on input line 6057.
Package hyperref Info: Link coloring OFF on input line 6062.
Package hyperref Info: Link coloring with OCG OFF on input line 6067.
Package hyperref Info: PDF/A mode OFF on input line 6072.

(/usr/local/texlive/2023/texmf-dist/tex/latex/base/atbegshi-ltx.sty
Package: atbegshi-ltx 2021/01/10 v1.0c Emulation of the original atbegshi
package with kernel methods
)
\Hy@abspage=\count293
\c@Item=\count294
\c@Hfootnote=\count295
)
Package hyperref Info: Driver (autodetected): hpdftex.

(/usr/local/texlive/2023/texmf-dist/tex/latex/hyperref/hpdftex.def
File: hpdftex.def 2023-02-07 v7.00v Hyperref driver for pdfTeX

(/usr/local/texlive/2023/texmf-dist/tex/latex/base/atveryend-ltx.sty
Package: atveryend-ltx 2020/08/19 v1.0a Emulation of the original atveryend pac
kage
with kernel methods
)
\Fld@listcount=\count296
\c@bookmark@seq@number=\count297

(/usr/local/texlive/2023/texmf-dist/tex/latex/rerunfilecheck/rerunfilecheck.sty
Package: rerunfilecheck 2022-07-10 v1.10 Rerun checks for auxiliary files (HO)

(/usr/local/texlive/2023/texmf-dist/tex/generic/uniquecounter/uniquecounter.sty
Package: uniquecounter 2019/12/15 v1.4 Provide unlimited unique counter (HO)
)
Package uniquecounter Info: New unique counter `rerunfilecheck' on input line 2
85.
)
\Hy@SectionHShift=\skip56
) (/usr/local/texlive/2023/texmf-dist/tex/latex/cleveref/cleveref.sty
Package: cleveref 2018/03/27 v0.21.4 Intelligent cross-referencing
Package cleveref Info: `hyperref' support loaded on input line 2370.
LaTeX Info: Redefining \cref on input line 2370.
LaTeX Info: Redefining \Cref on input line 2370.
LaTeX Info: Redefining \crefrange on input line 2370.
LaTeX Info: Redefining \Crefrange on input line 2370.
LaTeX Info: Redefining \cpageref on input line 2370.
LaTeX Info: Redefining \Cpageref on input line 2370.
LaTeX Info: Redefining \cpagerefrange on input line 2370.
LaTeX Info: Redefining \Cpagerefrange on input line 2370.
LaTeX Info: Redefining \labelcref on input line 2370.
LaTeX Info: Redefining \labelcpageref on input line 2370.
Package cleveref Info: always capitalise cross-reference names on input line 78
25.
Package cleveref Info: no abbreviation of names on input line 7852.
Package cleveref Info: always capitalise cross-reference names on input line 78
52.
)
(/usr/local/texlive/2023/texmf-dist/tex/latex/titlesec/titlesec.sty
Package: titlesec 2021/07/05 v2.14 Sectioning titles
\ttl@box=\box58
\beforetitleunit=\skip57
\aftertitleunit=\skip58
\ttl@plus=\dimen193
\ttl@minus=\dimen194
\ttl@toksa=\toks29
\titlewidth=\dimen195
\titlewidthlast=\dimen196
\titlewidthfirst=\dimen197
)
(/usr/local/texlive/2023/texmf-dist/tex/latex/l3backend/l3backend-pdftex.def
File: l3backend-pdftex.def 2023-01-16 L3 backend support: PDF output (pdfTeX)
\l__color_backend_stack_int=\count298
\l__pdf_internal_box=\box59
)
(./main.aux)
\openout1 = `main.aux'.

LaTeX Font Info:    Checking defaults for OML/cmm/m/it on input line 38.
LaTeX Font Info:    ... okay on input line 38.
LaTeX Font Info:    Checking defaults for OMS/cmsy/m/n on input line 38.
LaTeX Font Info:    ... okay on input line 38.
LaTeX Font Info:    Checking defaults for OT1/cmr/m/n on input line 38.
LaTeX Font Info:    ... okay on input line 38.
LaTeX Font Info:    Checking defaults for T1/cmr/m/n on input line 38.
LaTeX Font Info:    ... okay on input line 38.
LaTeX Font Info:    Checking defaults for TS1/cmr/m/n on input line 38.
LaTeX Font Info:    ... okay on input line 38.
LaTeX Font Info:    Checking defaults for OMX/cmex/m/n on input line 38.
LaTeX Font Info:    ... okay on input line 38.
LaTeX Font Info:    Checking defaults for U/cmr/m/n on input line 38.
LaTeX Font Info:    ... okay on input line 38.
LaTeX Font Info:    Checking defaults for PD1/pdf/m/n on input line 38.
LaTeX Font Info:    ... okay on input line 38.
LaTeX Font Info:    Checking defaults for PU/pdf/m/n on input line 38.
LaTeX Font Info:    ... okay on input line 38.

*geometry* driver: auto-detecting
*geometry* detected driver: pdftex
*geometry* verbose mode - [ preamble ] result:
* driver: pdftex
* paper: a4paper
* layout: <same size as paper>
* layoutoffset:(h,v)=(0.0pt,0.0pt)
* modes: 
* h-part:(L,W,R)=(72.26999pt, 452.9679pt, 72.26999pt)
* v-part:(T,H,B)=(72.26999pt, 700.50687pt, 72.26999pt)
* \paperwidth=597.50787pt
* \paperheight=845.04684pt
* \textwidth=452.9679pt
* \textheight=700.50687pt
* \oddsidemargin=0.0pt
* \evensidemargin=0.0pt
* \topmargin=-37.0pt
* \headheight=12.0pt
* \headsep=25.0pt
* \topskip=11.0pt
* \footskip=30.0pt
* \marginparwidth=59.0pt
* \marginparsep=10.0pt
* \columnsep=10.0pt
* \skip\footins=10.0pt plus 4.0pt minus 2.0pt
* \hoffset=0.0pt
* \voffset=0.0pt
* \mag=1000
* \@twocolumnfalse
* \@twosidefalse
* \@mparswitchfalse
* \@reversemarginfalse
* (1in=72.27pt=25.4mm, 1cm=28.453pt)

(/usr/local/texlive/2023/texmf-dist/tex/context/base/mkii/supp-pdf.mkii
[Loading MPS to PDF converter (version 2006.09.02).]
\scratchcounter=\count299
\scratchdimen=\dimen198
\scratchbox=\box60
\nofMPsegments=\count300
\nofMParguments=\count301
\everyMPshowfont=\toks30
\MPscratchCnt=\count302
\MPscratchDim=\dimen199
\MPnumerator=\count303
\makeMPintoPDFobject=\count304
\everyMPtoPDFconversion=\toks31
) (/usr/local/texlive/2023/texmf-dist/tex/latex/epstopdf-pkg/epstopdf-base.sty
Package: epstopdf-base 2020-01-24 v2.11 Base part for package epstopdf
Package epstopdf-base Info: Redefining graphics rule for `.eps' on input line 4
85.

(/usr/local/texlive/2023/texmf-dist/tex/latex/latexconfig/epstopdf-sys.cfg
File: epstopdf-sys.cfg 2010/07/13 v1.3 Configuration of (r)epstopdf for TeX Liv
e
))
Package caption Info: Begin \AtBeginDocument code.
Package caption Info: hyperref package is loaded.
Package caption Info: End \AtBeginDocument code.
LaTeX Info: Redefining \microtypecontext on input line 38.
Package microtype Info: Applying patch `item' on input line 38.
Package microtype Info: Applying patch `toc' on input line 38.
Package microtype Info: Applying patch `eqnum' on input line 38.
Package microtype Info: Applying patch `footnote' on input line 38.
Package microtype Info: Applying patch `verbatim' on input line 38.
Package microtype Info: Generating PDF output.
Package microtype Info: Character protrusion enabled (level 2).
Package microtype Info: Using default protrusion set `alltext'.
Package microtype Info: Automatic font expansion enabled (level 2),
(microtype)             stretch: 20, shrink: 20, step: 1, non-selected.
Package microtype Info: Using default expansion set `alltext-nott'.
LaTeX Info: Redefining \showhyphens on input line 38.
Package microtype Info: No adjustment of tracking.
Package microtype Info: No adjustment of interword spacing.
Package microtype Info: No adjustment of character kerning.

(/usr/local/texlive/2023/texmf-dist/tex/latex/microtype/mt-cmr.cfg
File: mt-cmr.cfg 2013/05/19 v2.2 microtype config. file: Computer Modern Roman 
(RS)
)
Package hyperref Info: Link coloring OFF on input line 38.
 (./main.out) (./main.out)
\@outlinefile=\write3
\openout3 = `main.out'.

 [1

{/usr/local/texlive/2023/texmf-var/fonts/map/pdftex/updmap/pdftex.map}]
LaTeX Font Info:    Trying to load font information for U+msa on input line 68.

 (/usr/local/texlive/2023/texmf-dist/tex/latex/amsfonts/umsa.fd
File: umsa.fd 2013/01/14 v3.01 AMS symbols A
)
(/usr/local/texlive/2023/texmf-dist/tex/latex/microtype/mt-msa.cfg
File: mt-msa.cfg 2006/02/04 v1.1 microtype config. file: AMS symbols (a) (RS)
)
LaTeX Font Info:    Trying to load font information for U+msb on input line 68.


(/usr/local/texlive/2023/texmf-dist/tex/latex/amsfonts/umsb.fd
File: umsb.fd 2013/01/14 v3.01 AMS symbols B
)
(/usr/local/texlive/2023/texmf-dist/tex/latex/microtype/mt-msb.cfg
File: mt-msb.cfg 2005/06/01 v1.0 microtype config. file: AMS symbols (b) (RS)
)
Underfull \hbox (badness 10000) in paragraph at lines 65--75

 []


Underfull \hbox (badness 10000) in paragraph at lines 65--75

 []


Underfull \hbox (badness 10000) in paragraph at lines 65--75

 []


pdfTeX warning (ext4): destination with the same identifier (name{page.1}) has 
been already used, duplicate ignored
<to be read again> 
                   \relax 
l.77 \clearpage
                [1] (./main.toc [2


] [3])
\tf@toc=\write4
\openout4 = `main.toc'.

 (./sections/01_problem_statement.tex
[4]

LaTeX Warning: Reference `sec:cumulation' on page 1 undefined on input line 20.


[5

{/usr/local/texlive/2023/texmf-dist/fonts/enc/dvips/cm-super/cm-super-ts1.enc}]
Package microtype Info: Loading generic protrusion settings for font family
(microtype)             `cmtt' (encoding: OT1).
(microtype)             For optimal results, create family-specific settings.
(microtype)             See the microtype manual for details.


LaTeX Warning: Reference `sec:lgbm' on page 1 undefined on input line 61.

) (./sections/02_targets_and_series.tex [6] [7]
<figures/support_check.jpeg, id=536, 607.42935pt x 318.34935pt>
File: figures/support_check.jpeg Graphic file (type jpg)
<use figures/support_check.jpeg>
Package pdftex.def Info: figures/support_check.jpeg  used on input line 21.
(pdftex.def)             Requested size: 385.02547pt x 201.79498pt.

Overfull \hbox (26.03644pt too wide) in paragraph at lines 28--29
\OT1/cmr/m/n/10.95 (-20) A naive read-ing of the schema would treat the four ho
ri-zons of the same $([]\OML/cmm/m/it/10.95 ; []; []\OT1/cmr/m/n/10.95 (-20) )$

 []

[8

 <./figures/support_check.jpeg>]

LaTeX Warning: Reference `sec:cumulation' on page 1 undefined on input line 36.


) (./sections/03_skill_score.tex [9] [10

]) (./sections/04_eda.tex [11]
<figures//00_missingness_top15.pdf, id=567, 519.55353pt x 336.60757pt>
File: figures//00_missingness_top15.pdf Graphic file (type pdf)
<use figures//00_missingness_top15.pdf>
Package pdftex.def Info: figures//00_missingness_top15.pdf  used on input line 
20.
(pdftex.def)             Requested size: 385.02547pt x 249.4555pt.
 [12

 <./figures//00_missingness_top15.pdf>]
<figures//00_target_distribution.pdf, id=615, 860.02016pt x 279.99034pt>
File: figures//00_target_distribution.pdf Graphic file (type pdf)
<use figures//00_target_distribution.pdf>
Package pdftex.def Info: figures//00_target_distribution.pdf  used on input lin
e 34.
(pdftex.def)             Requested size: 430.31812pt x 140.09735pt.
<figures//00_weight_distribution.pdf, id=617, 860.02016pt x 280.4523pt>
File: figures//00_weight_distribution.pdf Graphic file (type pdf)
<use figures//00_weight_distribution.pdf>
Package pdftex.def Info: figures//00_weight_distribution.pdf  used on input lin
e 48.
(pdftex.def)             Requested size: 430.31812pt x 140.3285pt.
 [13 <./figures//00_target_distribution.pdf> <./figures//00_weight_distribution
.pdf>]
<figures//00_series_length_distribution.pdf, id=716, 506.3009pt x 280.95967pt>
File: figures//00_series_length_distribution.pdf Graphic file (type pdf)
<use figures//00_series_length_distribution.pdf>
Package pdftex.def Info: figures//00_series_length_distribution.pdf  used on in
put line 62.
(pdftex.def)             Requested size: 385.02547pt x 213.66446pt.
<figures//00_representative_series_raw.pdf, id=719, 859.45525pt x 641.94916pt>
File: figures//00_representative_series_raw.pdf Graphic file (type pdf)
<use figures//00_representative_series_raw.pdf>
Package pdftex.def Info: figures//00_representative_series_raw.pdf  used on inp
ut line 94.
(pdftex.def)             Requested size: 430.31812pt x 321.41458pt.
 [14 <./figures//00_series_length_distribution.pdf>]
<figures//00_adf_results.pdf, id=760, 1004.57437pt x 280.4523pt>
File: figures//00_adf_results.pdf Graphic file (type pdf)
<use figures//00_adf_results.pdf>
Package pdftex.def Info: figures//00_adf_results.pdf  used on input line 108.
(pdftex.def)             Requested size: 430.31812pt x 120.13425pt.


LaTeX Warning: Reference `sec:cumulation' on page 1 undefined on input line 113
.

[15 <./figures//00_representative_series_raw.pdf> <./figures//00_adf_results.pd
f>]
<figures//00_adf_kpss_joint.pdf, id=886, 539.20685pt x 253.13571pt>
File: figures//00_adf_kpss_joint.pdf Graphic file (type pdf)
<use figures//00_adf_kpss_joint.pdf>
Package pdftex.def Info: figures//00_adf_kpss_joint.pdf  used on input line 119
.
(pdftex.def)             Requested size: 317.07614pt x 148.85823pt.
<figures//00_first_differencing_share.pdf, id=888, 444.53578pt x 267.23653pt>
File: figures//00_first_differencing_share.pdf Graphic file (type pdf)
<use figures//00_first_differencing_share.pdf>
Package pdftex.def Info: figures//00_first_differencing_share.pdf  used on inpu
t line 130.
(pdftex.def)             Requested size: 317.07614pt x 190.61188pt.


LaTeX Warning: Reference `sec:cumulation' on page 1 undefined on input line 135
.

[16 <./figures//00_adf_kpss_joint.pdf> <./figures//00_first_differencing_share.
pdf>]
<figures//00_rolling_raw.pdf, id=978, 860.06403pt x 641.94916pt>
File: figures//00_rolling_raw.pdf Graphic file (type pdf)
<use figures//00_rolling_raw.pdf>
Package pdftex.def Info: figures//00_rolling_raw.pdf  used on input line 144.
(pdftex.def)             Requested size: 430.31812pt x 321.19908pt.
<figures//00_rolling_differenced.pdf, id=980, 860.07118pt x 641.94916pt>
File: figures//00_rolling_differenced.pdf Graphic file (type pdf)
<use figures//00_rolling_differenced.pdf>
Package pdftex.def Info: figures//00_rolling_differenced.pdf  used on input lin
e 153.
(pdftex.def)             Requested size: 430.31812pt x 321.17949pt.
 [17 <./figures//00_rolling_raw.pdf>]
<figures//00_acf_pacf_anchor.pdf, id=1041, 932.31264pt x 280.4523pt>
File: figures//00_acf_pacf_anchor.pdf Graphic file (type pdf)
<use figures//00_acf_pacf_anchor.pdf>
Package pdftex.def Info: figures//00_acf_pacf_anchor.pdf  used on input line 17
1.
(pdftex.def)             Requested size: 430.31812pt x 129.4461pt.
 [18 <./figures//00_rolling_differenced.pdf>]
<figures//00_acf_pacf_panel.pdf, id=1103, 931.81848pt x 280.49936pt>
File: figures//00_acf_pacf_panel.pdf Graphic file (type pdf)
<use figures//00_acf_pacf_panel.pdf>
Package pdftex.def Info: figures//00_acf_pacf_panel.pdf  used on input line 185
.
(pdftex.def)             Requested size: 430.31812pt x 129.5363pt.
 [19 <./figures//00_acf_pacf_anchor.pdf> <./figures//00_acf_pacf_panel.pdf>]
<figures//00_stl_most_stable_p8.jpeg, id=1177, 1606.0pt x 1113.15875pt>
File: figures//00_stl_most_stable_p8.jpeg Graphic file (type jpg)
<use figures//00_stl_most_stable_p8.jpeg>
Package pdftex.def Info: figures//00_stl_most_stable_p8.jpeg  used on input lin
e 259.
(pdftex.def)             Requested size: 430.31812pt x 298.26385pt.
 [20] [21 <./figures//00_stl_most_stable_p8.jpeg>]
<figures//00_feature_corr_top20.pdf, id=1198, 521.16895pt x 392.53778pt>
File: figures//00_feature_corr_top20.pdf Graphic file (type pdf)
<use figures//00_feature_corr_top20.pdf>
Package pdftex.def Info: figures//00_feature_corr_top20.pdf  used on input line
 312.
(pdftex.def)             Requested size: 385.02547pt x 290.00023pt.
 [22]
<figures//00_horizon_scale_and_weight.pdf, id=1205, 859.37222pt x 280.4523pt>
File: figures//00_horizon_scale_and_weight.pdf Graphic file (type pdf)
<use figures//00_horizon_scale_and_weight.pdf>
Package pdftex.def Info: figures//00_horizon_scale_and_weight.pdf  used on inpu
t line 329.
(pdftex.def)             Requested size: 430.31812pt x 140.43549pt.
 [23 <./figures//00_feature_corr_top20.pdf>]
<figures//00_weight_by_horizon.pdf, id=1251, 859.88322pt x 280.4523pt>
File: figures//00_weight_by_horizon.pdf Graphic file (type pdf)
<use figures//00_weight_by_horizon.pdf>
Package pdftex.def Info: figures//00_weight_by_horizon.pdf  used on input line 
346.
(pdftex.def)             Requested size: 430.31812pt x 140.3499pt.
) (./sections/05_classical.tex [24 <./figures//00_horizon_scale_and_weight.pdf>
 <./figures//00_weight_by_horizon.pdf>] [25]

LaTeX Warning: Reference `sec:eda:acf' on page 1 undefined on input line 23.


Overfull \hbox (55.63234pt too wide) in paragraph at lines 29--42
 [][] 
 []

[26

]
<figures/018_raw_series_overview.jpg, id=1345, 1606.0pt x 1029.8475pt>
File: figures/018_raw_series_overview.jpg Graphic file (type jpg)
<use figures/018_raw_series_overview.jpg>
Package pdftex.def Info: figures/018_raw_series_overview.jpg  used on input lin
e 86.
(pdftex.def)             Requested size: 452.9679pt x 290.46104pt.


LaTeX Warning: `h' float specifier changed to `ht'.

[27]
Overfull \hbox (55.26949pt too wide) in paragraph at lines 102--112
 [][] 
 []

[28 <./figures/018_raw_series_overview.jpg>]
<figures/019_per_series_skill_bars.jpg, id=1361, 1606.0pt x 653.44125pt>
File: figures/019_per_series_skill_bars.jpg Graphic file (type jpg)
<use figures/019_per_series_skill_bars.jpg>
Package pdftex.def Info: figures/019_per_series_skill_bars.jpg  used on input l
ine 128.
(pdftex.def)             Requested size: 452.9679pt x 184.29837pt.
<figures/0120_forecast_overlay_2x2.jpg, id=1362, 1606.0pt x 818.05624pt>
File: figures/0120_forecast_overlay_2x2.jpg Graphic file (type jpg)
<use figures/0120_forecast_overlay_2x2.jpg>
Package pdftex.def Info: figures/0120_forecast_overlay_2x2.jpg  used on input l
ine 144.
(pdftex.def)             Requested size: 452.9679pt x 230.72684pt.


LaTeX Warning: `h' float specifier changed to `ht'.

[29 <./figures/019_per_series_skill_bars.jpg>] [30 <./figures/0120_forecast_ove
rlay_2x2.jpg>]
Overfull \hbox (7.51527pt too wide) in paragraph at lines 202--212
 [][] 
 []

[31]
<figures/0121_family_comparison_overlay.jpg, id=1381, 1606.0pt x 668.4975pt>
File: figures/0121_family_comparison_overlay.jpg Graphic file (type jpg)
<use figures/0121_family_comparison_overlay.jpg>
Package pdftex.def Info: figures/0121_family_comparison_overlay.jpg  used on in
put line 230.
(pdftex.def)             Requested size: 452.9679pt x 188.54488pt.
) (./sections/06_deep_sequence_models.tex [32 <./figures/0121_family_comparison
_overlay.jpg>] [33

]
<figures/0222_forecast_overlay_2x2.jpg, id=1399, 1606.0pt x 674.52pt>
File: figures/0222_forecast_overlay_2x2.jpg Graphic file (type jpg)
<use figures/0222_forecast_overlay_2x2.jpg>
Package pdftex.def Info: figures/0222_forecast_overlay_2x2.jpg  used on input l
ine 66.
(pdftex.def)             Requested size: 452.9679pt x 190.24348pt.


LaTeX Warning: `h' float specifier changed to `ht'.


LaTeX Warning: `h' float specifier changed to `ht'.

[34]
<figures//02_per_step_skill.pdf, id=1408, 932.14612pt x 497.8078pt>
File: figures//02_per_step_skill.pdf Graphic file (type pdf)
<use figures//02_per_step_skill.pdf>
Package pdftex.def Info: figures//02_per_step_skill.pdf  used on input line 125
.
(pdftex.def)             Requested size: 385.02547pt x 205.6217pt.


LaTeX Warning: `h' float specifier changed to `ht'.

[35 <./figures/0222_forecast_overlay_2x2.jpg>]) (./sections/07_global_lgbm.tex
[36] [37 <./figures//02_per_step_skill.pdf>] [38

]
<figures//07_quantile_chosen_series_grid.png, id=1491, 1308.89pt x 803.0pt>
File: figures//07_quantile_chosen_series_grid.png Graphic file (type png)
<use figures//07_quantile_chosen_series_grid.png>
Package pdftex.def Info: figures//07_quantile_chosen_series_grid.png  used on i
nput line 74.
(pdftex.def)             Requested size: 452.9679pt x 277.89299pt.
<figures//quantile_longest_history_plot.png, id=1493, 788.7285pt x 376.7895pt>
File: figures//quantile_longest_history_plot.png Graphic file (type png)
<use figures//quantile_longest_history_plot.png>
Package pdftex.def Info: figures//quantile_longest_history_plot.png  used on in
put line 84.
(pdftex.def)             Requested size: 452.9679pt x 216.3878pt.
 [39]
LaTeX Font Info:    Font shape `OT1/cmtt/bx/n' in size <10.95> not available
(Font)              Font shape `OT1/cmtt/m/n' tried instead on input line 89.
<figures//quantile_highest_total_weight_plot.png, id=1501, 788.7285pt x 376.789
5pt>
File: figures//quantile_highest_total_weight_plot.png Graphic file (type png)
<use figures//quantile_highest_total_weight_plot.png>
Package pdftex.def Info: figures//quantile_highest_total_weight_plot.png  used 
on input line 99.
(pdftex.def)             Requested size: 452.9679pt x 216.3878pt.
 [40 <./figures//07_quantile_chosen_series_grid.png>] [41 <./figures//quantile_
longest_history_plot.png> <./figures//quantile_highest_total_weight_plot.png>]
<figures//quantile_most_volatile_plot.png, id=1514, 788.7285pt x 376.7895pt>
File: figures//quantile_most_volatile_plot.png Graphic file (type png)
<use figures//quantile_most_volatile_plot.png>
Package pdftex.def Info: figures//quantile_most_volatile_plot.png  used on inpu
t line 114.
(pdftex.def)             Requested size: 452.9679pt x 216.3878pt.


LaTeX Warning: Reference `sec:eda:acf' on page 1 undefined on input line 120.

[42 <./figures//quantile_most_volatile_plot.png>]
<figures//quantile_most_stable_plot.png, id=1523, 788.7285pt x 376.7895pt>
File: figures//quantile_most_stable_plot.png Graphic file (type png)
<use figures//quantile_most_stable_plot.png>
Package pdftex.def Info: figures//quantile_most_stable_plot.png  used on input 
line 129.
(pdftex.def)             Requested size: 452.9679pt x 216.3878pt.
 [43 <./figures//quantile_most_stable_plot.png>]) (./sections/08_two_model_kfol
d.tex [44] [45

] [46]

LaTeX Warning: Reference `sec:eda:acf' on page 1 undefined on input line 122.

[47]
<figures//08_two_model_submission_forecast.pdf, id=1555, 854.15045pt x 692.1665
5pt>
File: figures//08_two_model_submission_forecast.pdf Graphic file (type pdf)
<use figures//08_two_model_submission_forecast.pdf>
Package pdftex.def Info: figures//08_two_model_submission_forecast.pdf  used on
 input line 157.
(pdftex.def)             Requested size: 452.9679pt x 367.06831pt.
<figures//08_two_model_weight_kfold.pdf, id=1556, 772.97014pt x 344.6062pt>
File: figures//08_two_model_weight_kfold.pdf Graphic file (type pdf)
<use figures//08_two_model_weight_kfold.pdf>
Package pdftex.def Info: figures//08_two_model_weight_kfold.pdf  used on input 
line 167.
(pdftex.def)             Requested size: 452.9679pt x 201.94873pt.
<figures//08_two_model_train_history.pdf, id=1557, 856.84894pt x 316.27974pt>
File: figures//08_two_model_train_history.pdf Graphic file (type pdf)
<use figures//08_two_model_train_history.pdf>
Package pdftex.def Info: figures//08_two_model_train_history.pdf  used on input
 line 175.
(pdftex.def)             Requested size: 452.9679pt x 167.19794pt.
<figures//08_two_model_combined_timeline.pdf, id=1558, 856.84894pt x 496.75964p
t>
File: figures//08_two_model_combined_timeline.pdf Graphic file (type pdf)
<use figures//08_two_model_combined_timeline.pdf>
Package pdftex.def Info: figures//08_two_model_combined_timeline.pdf  used on i
nput line 182.
(pdftex.def)             Requested size: 452.9679pt x 262.60674pt.
<figures//08_two_model_fold_scores.pdf, id=1559, 930.19835pt x 316.1436pt>
File: figures//08_two_model_fold_scores.pdf Graphic file (type pdf)
<use figures//08_two_model_fold_scores.pdf>
Package pdftex.def Info: figures//08_two_model_fold_scores.pdf  used on input l
ine 189.
(pdftex.def)             Requested size: 452.9679pt x 153.94691pt.
 [48] [49 <./figures//08_two_model_submission_forecast.pdf>] [50 <./figures//08
_two_model_weight_kfold.pdf> <./figures//08_two_model_train_history.pdf>]
[51 <./figures//08_two_model_combined_timeline.pdf> <./figures//08_two_model_fo
ld_scores.pdf>]) (./sections/09_analysis_numerical_results.tex [52]

LaTeX Warning: `h' float specifier changed to `ht'.

[53

] [54]) (./sections/10_actions.tex [55] [56

] [57] [58])
(./sections/11_future_work.tex [59]

LaTeX Warning: Reference `sec:cumulation' on page 1 undefined on input line 12.



LaTeX Warning: Reference `sec:eda:cross_series' on page 1 undefined on input li
ne 13.


LaTeX Warning: Reference `sec:actions:sizing' on page 1 undefined on input line
 14.


LaTeX Warning: Citation `anand2024tubeloss' on page 60 undefined on input line 
15.

[60

]) (./sections/12_references.tex [61]) [62

] (./main.aux)

LaTeX Warning: There were undefined references.

Package rerunfilecheck Info: File `main.out' has not changed.
(rerunfilecheck)             Checksum: 74473ADDF0A17787EABED97D66E96A36;18922.
 ) 
Here is how much of TeX's memory you used:
 16933 strings out of 476025
 291405 string characters out of 5790016
 1869388 words of memory out of 5000000
 36645 multiletter control sequences out of 15000+600000
 530209 words of font info for 197 fonts, out of 8000000 for 9000
 1141 hyphenation exceptions out of 8191
 75i,14n,76p,2397b,574s stack positions out of 10000i,1000n,20000p,200000b,200000s
</usr/local/texlive/2023/texmf-dist/fonts/type1/public/amsfonts/cm/cmbx10.pfb
></usr/local/texlive/2023/texmf-dist/fonts/type1/public/amsfonts/cm/cmbx12.pfb>
</usr/local/texlive/2023/texmf-dist/fonts/type1/public/amsfonts/cm/cmex10.pfb><
/usr/local/texlive/2023/texmf-dist/fonts/type1/public/amsfonts/cm/cmmi10.pfb></
usr/local/texlive/2023/texmf-dist/fonts/type1/public/amsfonts/cm/cmmi6.pfb></us
r/local/texlive/2023/texmf-dist/fonts/type1/public/amsfonts/cm/cmmi8.pfb></usr/
local/texlive/2023/texmf-dist/fonts/type1/public/amsfonts/cm/cmr10.pfb></usr/lo
cal/texlive/2023/texmf-dist/fonts/type1/public/amsfonts/cm/cmr12.pfb></usr/loca
l/texlive/2023/texmf-dist/fonts/type1/public/amsfonts/cm/cmr6.pfb></usr/local/t
exlive/2023/texmf-dist/fonts/type1/public/amsfonts/cm/cmr8.pfb></usr/local/texl
ive/2023/texmf-dist/fonts/type1/public/amsfonts/cm/cmsy10.pfb></usr/local/texli
ve/2023/texmf-dist/fonts/type1/public/amsfonts/cm/cmsy8.pfb></usr/local/texlive
/2023/texmf-dist/fonts/type1/public/amsfonts/cm/cmti10.pfb></usr/local/texlive/
2023/texmf-dist/fonts/type1/public/amsfonts/cm/cmtt10.pfb></usr/local/texlive/2
023/texmf-dist/fonts/type1/public/cm-super/sfrm1095.pfb>
Output written on main.pdf (63 pages, 3392877 bytes).
PDF statistics:
 2324 PDF objects out of 2487 (max. 8388607)
 1131 compressed objects within 12 object streams
 265 named destinations out of 1000 (max. 500000)
 39318 words of extra memory for PDF output out of 42996 (max. 10000000)

