\BOOKMARK [1][-]{section.1}{\376\377\000I\000n\000t\000r\000o\000d\000u\000c\000t\000i\000o\000n}{}% 1
\BOOKMARK [2][-]{subsection.1.1}{\376\377\000B\000a\000c\000k\000g\000r\000o\000u\000n\000d\000\040\000a\000n\000d\000\040\000M\000o\000t\000i\000v\000a\000t\000i\000o\000n}{section.1}% 2
\BOOKMARK [2][-]{subsection.1.2}{\376\377\000P\000r\000o\000b\000l\000e\000m\000\040\000S\000t\000a\000t\000e\000m\000e\000n\000t}{section.1}% 3
\BOOKMARK [2][-]{subsection.1.3}{\376\377\000O\000b\000j\000e\000c\000t\000i\000v\000e\000s}{section.1}% 4
\BOOKMARK [2][-]{subsection.1.4}{\376\377\000S\000c\000o\000p\000e\000\040\000o\000f\000\040\000t\000h\000i\000s\000\040\000r\000e\000p\000o\000r\000t}{section.1}% 5
\BOOKMARK [1][-]{section.2}{\376\377\000D\000a\000t\000a\000\040\000S\000o\000u\000r\000c\000e\000\040\000a\000n\000d\000\040\000C\000h\000a\000r\000a\000c\000t\000e\000r\000i\000s\000t\000i\000c\000s}{}% 6
\BOOKMARK [2][-]{subsection.2.1}{\376\377\000S\000o\000u\000r\000c\000e}{section.2}% 7
\BOOKMARK [2][-]{subsection.2.2}{\376\377\000P\000a\000n\000e\000l\000\040\000k\000e\000y\000s\000\040\000a\000n\000d\000\040\000u\000n\000i\000t\000\040\000o\000f\000\040\000a\000n\000a\000l\000y\000s\000i\000s}{section.2}% 8
\BOOKMARK [2][-]{subsection.2.3}{\376\377\000T\000h\000e\000\040\000f\000o\000u\000r\000\040\000h\000o\000r\000i\000z\000o\000n\000s\000\040\000a\000r\000e\000\040\000c\000o\000u\000p\000l\000e\000d}{section.2}% 9
\BOOKMARK [2][-]{subsection.2.4}{\376\377\000C\000h\000r\000o\000n\000o\000l\000o\000g\000i\000c\000a\000l\000\040\000c\000o\000n\000s\000t\000r\000a\000i\000n\000t}{section.2}% 10
\BOOKMARK [2][-]{subsection.2.5}{\376\377\000E\000l\000i\000g\000i\000b\000i\000l\000i\000t\000y\000\040\000f\000o\000r\000\040\000p\000e\000r\000-\000s\000e\000r\000i\000e\000s\000\040\000s\000t\000u\000d\000i\000e\000s}{section.2}% 11
\BOOKMARK [1][-]{section.3}{\376\377\000T\000h\000e\000\040\000W\000e\000i\000g\000h\000t\000e\000d\000\040\000S\000k\000i\000l\000l\000\040\000S\000c\000o\000r\000e}{}% 12
\BOOKMARK [2][-]{subsection.3.1}{\376\377\000D\000e\000f\000i\000n\000i\000t\000i\000o\000n}{section.3}% 13
\BOOKMARK [2][-]{subsection.3.2}{\376\377\000I\000n\000t\000u\000i\000t\000i\000v\000e\000\040\000m\000e\000a\000n\000i\000n\000g}{section.3}% 14
\BOOKMARK [2][-]{subsection.3.3}{\376\377\000P\000r\000a\000c\000t\000i\000c\000a\000l\000\040\000c\000o\000n\000s\000e\000q\000u\000e\000n\000c\000e\000s\000\040\000f\000o\000r\000\040\000t\000h\000i\000s\000\040\000p\000r\000o\000j\000e\000c\000t}{section.3}% 15
\BOOKMARK [1][-]{section.4}{\376\377\000D\000a\000t\000a\000\040\000P\000r\000e\000-\000p\000r\000o\000c\000e\000s\000s\000i\000n\000g\000\040\000a\000n\000d\000\040\000E\000x\000p\000l\000o\000r\000a\000t\000o\000r\000y\000\040\000A\000n\000a\000l\000y\000s\000i\000s}{}% 16
\BOOKMARK [2][-]{subsection.4.1}{\376\377\000S\000c\000h\000e\000m\000a\000,\000\040\000p\000a\000n\000e\000l\000\040\000s\000c\000a\000l\000e\000,\000\040\000a\000n\000d\000\040\000t\000r\000a\000i\000n\040\023\000t\000e\000s\000t\000\040\000c\000o\000m\000p\000a\000r\000a\000b\000i\000l\000i\000t\000y}{section.4}% 17
\BOOKMARK [2][-]{subsection.4.2}{\376\377\000M\000i\000s\000s\000i\000n\000g\000\040\000v\000a\000l\000u\000e\000s}{section.4}% 18
\BOOKMARK [2][-]{subsection.4.3}{\376\377\000T\000a\000r\000g\000e\000t\000\040\000d\000i\000s\000t\000r\000i\000b\000u\000t\000i\000o\000n}{section.4}% 19
\BOOKMARK [2][-]{subsection.4.4}{\376\377\000W\000e\000i\000g\000h\000t\000\040\000d\000i\000s\000t\000r\000i\000b\000u\000t\000i\000o\000n\000\040\000a\000n\000d\000\040\000m\000e\000t\000r\000i\000c\000\040\000c\000o\000n\000c\000e\000n\000t\000r\000a\000t\000i\000o\000n}{section.4}% 20
\BOOKMARK [2][-]{subsection.4.5}{\376\377\000S\000e\000r\000i\000e\000s\000\040\000c\000o\000v\000e\000r\000a\000g\000e\000\040\000a\000n\000d\000\040\000s\000p\000l\000i\000t\000\040\000f\000e\000a\000s\000i\000b\000i\000l\000i\000t\000y}{section.4}% 21
\BOOKMARK [2][-]{subsection.4.6}{\376\377\000R\000e\000p\000r\000e\000s\000e\000n\000t\000a\000t\000i\000v\000e\000-\000s\000e\000r\000i\000e\000s\000\040\000s\000e\000l\000e\000c\000t\000i\000o\000n}{section.4}% 22
\BOOKMARK [2][-]{subsection.4.7}{\376\377\000S\000t\000a\000t\000i\000o\000n\000a\000r\000i\000t\000y\000\040\000d\000i\000a\000g\000n\000o\000s\000t\000i\000c\000s}{section.4}% 23
\BOOKMARK [2][-]{subsection.4.8}{\376\377\000V\000i\000s\000u\000a\000l\000\040\000s\000t\000a\000t\000i\000o\000n\000a\000r\000i\000t\000y\000\040\040\024\000\040\000r\000o\000l\000l\000i\000n\000g\000\040\000s\000t\000a\000t\000i\000s\000t\000i\000c\000s}{section.4}% 24
\BOOKMARK [2][-]{subsection.4.9}{\376\377\000L\000a\000g\000\040\000S\000t\000r\000u\000c\000t\000u\000r\000e\000:\000\040\000A\000C\000F\000\040\000a\000n\000d\000\040\000P\000A\000C\000F}{section.4}% 25
\BOOKMARK [3][-]{subsubsection.4.9.1}{\376\377\000A\000n\000c\000h\000o\000r\000-\000s\000e\000r\000i\000e\000s\000\040\000c\000o\000r\000r\000e\000l\000o\000g\000r\000a\000m\000s}{subsection.4.9}% 26
\BOOKMARK [3][-]{subsubsection.4.9.2}{\376\377\000P\000a\000n\000e\000l\000-\000l\000e\000v\000e\000l\000\040\000a\000g\000g\000r\000e\000g\000a\000t\000i\000o\000n}{subsection.4.9}% 27
\BOOKMARK [3][-]{subsubsection.4.9.3}{\376\377\000M\000o\000d\000e\000l\000l\000i\000n\000g\000\040\000i\000m\000p\000l\000i\000c\000a\000t\000i\000o\000n\000s}{subsection.4.9}% 28
\BOOKMARK [2][-]{subsection.4.10}{\376\377\000S\000T\000L\000\040\000D\000e\000c\000o\000m\000p\000o\000s\000i\000t\000i\000o\000n}{section.4}% 29
\BOOKMARK [3][-]{subsubsection.4.10.1}{\376\377\000M\000o\000t\000i\000v\000a\000t\000i\000o\000n}{subsection.4.10}% 30
\BOOKMARK [3][-]{subsubsection.4.10.2}{\376\377\000A\000C\000F\000-\000b\000a\000s\000e\000d\000\040\000p\000e\000r\000i\000o\000d\000\040\000s\000e\000l\000e\000c\000t\000i\000o\000n}{subsection.4.10}% 31
\BOOKMARK [3][-]{subsubsection.4.10.3}{\376\377\000S\000T\000L\000\040\000d\000e\000c\000o\000m\000p\000o\000s\000i\000t\000i\000o\000n}{subsection.4.10}% 32
\BOOKMARK [3][-]{subsubsection.4.10.4}{\376\377\000R\000e\000a\000d\000i\000n\000g}{subsection.4.10}% 33
\BOOKMARK [3][-]{subsubsection.4.10.5}{\376\377\000I\000n\000t\000e\000r\000p\000r\000e\000t\000a\000t\000i\000o\000n}{subsection.4.10}% 34
\BOOKMARK [3][-]{subsubsection.4.10.6}{\376\377\000I\000m\000p\000l\000i\000c\000a\000t\000i\000o\000n\000s\000\040\000f\000o\000r\000\040\000m\000o\000d\000e\000l\000l\000i\000n\000g}{subsection.4.10}% 35
\BOOKMARK [3][-]{subsubsection.4.10.7}{\376\377\000R\000o\000l\000e\000\040\000i\000n\000\040\000t\000h\000e\000\040\000o\000v\000e\000r\000a\000l\000l\000\040\000a\000n\000a\000l\000y\000s\000i\000s}{subsection.4.10}% 36
\BOOKMARK [2][-]{subsection.4.11}{\376\377\000F\000e\000a\000t\000u\000r\000e\000\040\000a\000u\000d\000i\000t}{section.4}% 37
\BOOKMARK [2][-]{subsection.4.12}{\376\377\000M\000u\000l\000t\000i\000-\000h\000o\000r\000i\000z\000o\000n\000\040\000c\000o\000u\000p\000l\000i\000n\000g}{section.4}% 38
\BOOKMARK [2][-]{subsection.4.13}{\376\377\000P\000e\000r\000-\000h\000o\000r\000i\000z\000o\000n\000\040\000w\000e\000i\000g\000h\000t\000\040\000d\000o\000m\000i\000n\000a\000n\000c\000e}{section.4}% 39
\BOOKMARK [1][-]{section.5}{\376\377\000C\000l\000a\000s\000s\000i\000c\000a\000l\000\040\000F\000o\000r\000e\000c\000a\000s\000t\000i\000n\000g\000\040\000M\000o\000d\000e\000l\000s}{}% 40
\BOOKMARK [2][-]{subsection.5.1}{\376\377\000S\000t\000u\000d\000y\000\040\000S\000e\000t\000u\000p\000\040\000a\000n\000d\000\040\000t\000h\000e\000\040\000F\000o\000u\000r\000\040\000R\000e\000p\000r\000e\000s\000e\000n\000t\000a\000t\000i\000v\000e\000\040\000S\000e\000r\000i\000e\000s}{section.5}% 41
\BOOKMARK [2][-]{subsection.5.2}{\376\377\000C\000l\000a\000s\000s\000i\000c\000a\000l\000\040\000M\000o\000d\000e\000l\000\040\000L\000i\000n\000e\000u\000p}{section.5}% 42
\BOOKMARK [2][-]{subsection.5.3}{\376\377\000C\000l\000a\000s\000s\000i\000c\000a\000l\000\040\000M\000o\000d\000e\000l\000\040\000M\000a\000t\000h}{section.5}% 43
\BOOKMARK [2][-]{subsection.5.4}{\376\377\000E\000v\000a\000l\000u\000a\000t\000i\000o\000n\000\040\000P\000r\000o\000t\000o\000c\000o\000l\000\040\000\050\000F\000i\000x\000e\000d\000\040\000C\000u\000t\000o\000f\000f\000\051}{section.5}% 44
\BOOKMARK [2][-]{subsection.5.5}{\376\377\000P\000e\000r\000-\000S\000e\000r\000i\000e\000s\000\040\000L\000e\000a\000d\000e\000r\000b\000o\000a\000r\000d\000\040\000\050\000F\000i\000x\000e\000d\000\040\000C\000u\000t\000o\000f\000f\000\051}{section.5}% 45
\BOOKMARK [2][-]{subsection.5.6}{\376\377\000O\000v\000e\000r\000a\000l\000l\000\040\000C\000o\000m\000p\000a\000r\000i\000s\000o\000n\000\040\000A\000c\000r\000o\000s\000s\000\040\000M\000o\000d\000e\000l\000s}{section.5}% 46
\BOOKMARK [2][-]{subsection.5.7}{\376\377\000F\000o\000r\000e\000c\000a\000s\000t\000\040\000O\000v\000e\000r\000l\000a\000y\000s\000\040\000\050\000F\000i\000x\000e\000d\000\040\000C\000u\000t\000o\000f\000f\000\051}{section.5}% 47
\BOOKMARK [2][-]{subsection.5.8}{\376\377\000A\000d\000a\000p\000t\000i\000v\000e\000-\000S\000p\000l\000i\000t\000\040\000M\000o\000t\000i\000v\000a\000t\000i\000o\000n}{section.5}% 48
\BOOKMARK [2][-]{subsection.5.9}{\376\377\000S\000e\000t\000u\000p\000\040\000a\000n\000d\000\040\000L\000i\000b\000r\000a\000r\000i\000e\000s}{section.5}% 49
\BOOKMARK [2][-]{subsection.5.10}{\376\377\000P\000e\000r\000-\000S\000e\000r\000i\000e\000s\000\040\000L\000e\000a\000d\000e\000r\000b\000o\000a\000r\000d\000\040\000\050\000A\000d\000a\000p\000t\000i\000v\000e\000\040\000S\000p\000l\000i\000t\000\051}{section.5}% 50
\BOOKMARK [2][-]{subsection.5.11}{\376\377\000A\000d\000a\000p\000t\000i\000v\000e\000-\000S\000p\000l\000i\000t\000\040\000F\000o\000r\000e\000c\000a\000s\000t\000\040\000O\000v\000e\000r\000l\000a\000y\000s}{section.5}% 51
\BOOKMARK [2][-]{subsection.5.12}{\376\377\000W\000h\000a\000t\000\040\000t\000h\000e\000\040\000C\000l\000a\000s\000s\000i\000c\000a\000l\000\040\000S\000t\000u\000d\000y\000\040\000E\000s\000t\000a\000b\000l\000i\000s\000h\000e\000s}{section.5}% 52
\BOOKMARK [1][-]{section.6}{\376\377\000D\000e\000e\000p\000\040\000S\000e\000q\000u\000e\000n\000c\000e\000\040\000M\000o\000d\000e\000l\000s}{}% 53
\BOOKMARK [2][-]{subsection.6.1}{\376\377\000W\000h\000y\000\040\000A\000d\000d\000\040\000D\000e\000e\000p\000\040\000M\000o\000d\000e\000l\000s\000\040\000H\000e\000r\000e}{section.6}% 54
\BOOKMARK [2][-]{subsection.6.2}{\376\377\000W\000h\000y\000\040\000U\000n\000i\000v\000a\000r\000i\000a\000t\000e\000,\000\040\000a\000n\000d\000\040\000W\000h\000a\000t\000\040\000S\000t\000a\000y\000s\000\040\000F\000i\000x\000e\000d}{section.6}% 55
\BOOKMARK [2][-]{subsection.6.3}{\376\377\000A\000r\000c\000h\000i\000t\000e\000c\000t\000u\000r\000e\000s}{section.6}% 56
\BOOKMARK [2][-]{subsection.6.4}{\376\377\000W\000h\000a\000t\000\040\000t\000o\000\040\000E\000x\000p\000e\000c\000t}{section.6}% 57
\BOOKMARK [2][-]{subsection.6.5}{\376\377\000D\000e\000e\000p\000\040\000F\000o\000r\000e\000c\000a\000s\000t\000\040\000P\000l\000o\000t\000s}{section.6}% 58
\BOOKMARK [2][-]{subsection.6.6}{\376\377\000P\000e\000r\000-\000S\000e\000r\000i\000e\000s\000\040\000D\000e\000e\000p\000\040\000R\000e\000s\000u\000l\000t\000s}{section.6}% 59
\BOOKMARK [2][-]{subsection.6.7}{\376\377\000P\000e\000r\000-\000S\000t\000e\000p\000\040\000S\000k\000i\000l\000l\000\040\000W\000i\000t\000h\000i\000n\000\040\000t\000h\000e\000\040\000V\000a\000l\000i\000d\000a\000t\000i\000o\000n\000\040\000W\000i\000n\000d\000o\000w}{section.6}% 60
\BOOKMARK [2][-]{subsection.6.8}{\376\377\000W\000h\000a\000t\000\040\000t\000h\000e\000\040\000D\000e\000e\000p\000\040\000S\000t\000u\000d\000y\000\040\000E\000s\000t\000a\000b\000l\000i\000s\000h\000e\000s}{section.6}% 61
\BOOKMARK [1][-]{section.7}{\376\377\000Q\000u\000a\000n\000t\000i\000l\000e\000\040\000R\000e\000g\000r\000e\000s\000s\000i\000o\000n\000\040\000F\000o\000r\000e\000c\000a\000s\000t\000s}{}% 62
\BOOKMARK [2][-]{subsection.7.1}{\376\377\000Q\000u\000a\000n\000t\000i\000l\000e\000\040\000L\000o\000s\000s\000\040\000a\000n\000d\000\040\000t\000h\000e\000\040\000I\000n\000t\000e\000r\000v\000a\000l\000\040\000C\000o\000n\000s\000t\000r\000u\000c\000t\000i\000o\000n}{section.7}% 63
\BOOKMARK [2][-]{subsection.7.2}{\376\377\000S\000h\000a\000r\000e\000d\000\040\000L\000i\000g\000h\000t\000G\000B\000M\000\040\000S\000e\000t\000u\000p}{section.7}% 64
\BOOKMARK [2][-]{subsection.7.3}{\376\377\000R\000o\000l\000l\000i\000n\000g\000\040\000C\000h\000r\000o\000n\000o\000l\000o\000g\000i\000c\000a\000l\000\040\000B\000a\000c\000k\000t\000e\000s\000t}{section.7}% 65
\BOOKMARK [2][-]{subsection.7.4}{\376\377\000P\000e\000r\000-\000S\000e\000r\000i\000e\000s\000\040\000I\000n\000t\000e\000r\000v\000a\000l\000\040\000S\000e\000l\000e\000c\000t\000i\000o\000n}{section.7}% 66
\BOOKMARK [2][-]{subsection.7.5}{\376\377\000R\000e\000p\000o\000r\000t\000e\000d\000\040\000M\000e\000t\000r\000i\000c\000s}{section.7}% 67
\BOOKMARK [2][-]{subsection.7.6}{\376\377\000P\000e\000r\000-\000S\000e\000r\000i\000e\000s\000\040\000Q\000u\000a\000n\000t\000i\000l\000e\000\040\000F\000o\000r\000e\000c\000a\000s\000t\000s}{section.7}% 68
\BOOKMARK [2][-]{subsection.7.7}{\376\377\000W\000h\000a\000t\000\040\000t\000h\000e\000\040\000Q\000u\000a\000n\000t\000i\000l\000e\000\040\000S\000t\000u\000d\000y\000\040\000E\000s\000t\000a\000b\000l\000i\000s\000h\000e\000s}{section.7}% 69
\BOOKMARK [1][-]{section.8}{\376\377\000T\000w\000o\000-\000M\000o\000d\000e\000l\000\040\000A\000p\000p\000r\000o\000a\000c\000h\000\040\000w\000i\000t\000h\000\040\000T\000i\000m\000e\000-\000B\000a\000s\000e\000d\000\040\000K\000-\000F\000o\000l\000d}{}% 70
\BOOKMARK [2][-]{subsection.8.1}{\376\377\000W\000h\000y\000\040\000T\000w\000o\000\040\000M\000o\000d\000e\000l\000s\000\040\000R\000a\000t\000h\000e\000r\000\040\000T\000h\000a\000n\000\040\000O\000n\000e}{section.8}% 71
\BOOKMARK [2][-]{subsection.8.2}{\376\377\000T\000h\000e\000\040\000T\000w\000o\000\040\000M\000o\000d\000e\000l\000s}{section.8}% 72
\BOOKMARK [2][-]{subsection.8.3}{\376\377\000T\000i\000m\000e\000-\000B\000a\000s\000e\000d\000\040\000K\000-\000F\000o\000l\000d\000\040\000C\000r\000o\000s\000s\000-\000V\000a\000l\000i\000d\000a\000t\000i\000o\000n}{section.8}% 73
\BOOKMARK [2][-]{subsection.8.4}{\376\377\000F\000e\000a\000t\000u\000r\000e\000\040\000E\000n\000g\000i\000n\000e\000e\000r\000i\000n\000g}{section.8}% 74
\BOOKMARK [2][-]{subsection.8.5}{\376\377\000R\000e\000s\000u\000l\000t\000s}{section.8}% 75
\BOOKMARK [2][-]{subsection.8.6}{\376\377\000W\000h\000y\000\040\000T\000h\000i\000s\000\040\000B\000e\000a\000t\000s\000\040\000Q\000u\000a\000n\000t\000i\000l\000e\000\040\000R\000e\000g\000r\000e\000s\000s\000i\000o\000n\000\040\000o\000n\000\040\000t\000h\000e\000\040\000H\000e\000a\000d\000l\000i\000n\000e\000\040\000S\000c\000o\000r\000e}{section.8}% 76
\BOOKMARK [2][-]{subsection.8.7}{\376\377\000W\000h\000a\000t\000\040\000t\000h\000e\000\040\000T\000w\000o\000-\000M\000o\000d\000e\000l\000\040\000S\000t\000u\000d\000y\000\040\000E\000s\000t\000a\000b\000l\000i\000s\000h\000e\000s}{section.8}% 77
\BOOKMARK [1][-]{section.9}{\376\377\000A\000n\000a\000l\000y\000s\000i\000s\000\040\000o\000f\000\040\000t\000h\000e\000\040\000N\000u\000m\000e\000r\000i\000c\000a\000l\000\040\000R\000e\000s\000u\000l\000t\000s}{}% 78
\BOOKMARK [2][-]{subsection.9.1}{\376\377\000P\000e\000r\000-\000S\000e\000r\000i\000e\000s\000\040\000C\000r\000o\000s\000s\000-\000M\000e\000t\000h\000o\000d\000\040\000C\000o\000m\000p\000a\000r\000i\000s\000o\000n}{section.9}% 79
\BOOKMARK [2][-]{subsection.9.2}{\376\377\000C\000o\000v\000e\000r\000a\000g\000e\000\040\000a\000n\000d\000\040\000t\000h\000e\000\040\000D\000e\000p\000l\000o\000y\000a\000b\000l\000e\000\040\000A\000r\000t\000e\000f\000a\000c\000t}{section.9}% 80
\BOOKMARK [2][-]{subsection.9.3}{\376\377\000W\000h\000y\000\040\000S\000m\000o\000o\000t\000h\000i\000n\000g\000\040\000S\000o\000m\000e\000t\000i\000m\000e\000s\000\040\000W\000i\000n\000s}{section.9}% 81
\BOOKMARK [2][-]{subsection.9.4}{\376\377\000W\000h\000y\000\040\000R\000e\000c\000u\000r\000s\000i\000v\000e\000\040\000M\000u\000l\000t\000i\000-\000S\000t\000e\000p\000\040\000H\000u\000r\000t\000s\000\040\000t\000h\000e\000\040\000H\000i\000g\000h\000e\000s\000t\000-\000W\000e\000i\000g\000h\000t\000\040\000S\000e\000r\000i\000e\000s}{section.9}% 82
\BOOKMARK [2][-]{subsection.9.5}{\376\377\000H\000e\000a\000d\000l\000i\000n\000e\000\040\000E\000m\000p\000i\000r\000i\000c\000a\000l\000\040\000F\000i\000n\000d\000i\000n\000g\000s}{section.9}% 83
\BOOKMARK [2][-]{subsection.9.6}{\376\377\000W\000h\000a\000t\000\040\000T\000h\000i\000s\000\040\000P\000r\000o\000j\000e\000c\000t\000\040\000D\000o\000e\000s\000\040\000N\000o\000t\000\040\000C\000l\000a\000i\000m}{section.9}% 84
\BOOKMARK [1][-]{section.10}{\376\377\000C\000o\000n\000v\000e\000r\000t\000i\000n\000g\000\040\000t\000h\000e\000\040\000F\000o\000r\000e\000c\000a\000s\000t\000s\000\040\000i\000n\000t\000o\000\040\000A\000c\000t\000i\000o\000n\000s}{}% 85
\BOOKMARK [2][-]{subsection.10.1}{\376\377\000W\000h\000a\000t\000\040\000t\000h\000e\000\040\000F\000o\000r\000e\000c\000a\000s\000t\000\040\000T\000e\000l\000l\000s\000\040\000Y\000o\000u}{section.10}% 86
\BOOKMARK [2][-]{subsection.10.2}{\376\377\000T\000h\000e\000\040\000B\000a\000s\000i\000c\000\040\000P\000o\000s\000i\000t\000i\000o\000n\000\040\000R\000u\000l\000e}{section.10}% 87
\BOOKMARK [2][-]{subsection.10.3}{\376\377\000W\000o\000r\000k\000e\000d\000\040\000E\000x\000a\000m\000p\000l\000e\000:\000\040\000T\000h\000r\000e\000e\000\040\000S\000e\000r\000i\000e\000s\000\040\000S\000i\000d\000e\000\040\000b\000y\000\040\000S\000i\000d\000e}{section.10}% 88
\BOOKMARK [2][-]{subsection.10.4}{\376\377\000R\000i\000s\000k\000\040\000C\000o\000n\000t\000r\000o\000l\000s\000\040\040\024\000\040\000T\000h\000e\000\040\000F\000o\000u\000r\000\040\000Y\000o\000u\000\040\000C\000a\000n\000n\000o\000t\000\040\000S\000k\000i\000p}{section.10}% 89
\BOOKMARK [2][-]{subsection.10.5}{\376\377\000W\000h\000e\000n\000\040\000N\000o\000t\000\040\000t\000o\000\040\000T\000r\000a\000d\000e\000\040\040\024\000\040\000E\000d\000g\000e\000\040\000C\000a\000s\000e\000s}{section.10}% 90
\BOOKMARK [2][-]{subsection.10.6}{\376\377\000L\000i\000v\000e\000\040\000M\000o\000n\000i\000t\000o\000r\000i\000n\000g\000\040\000C\000h\000e\000c\000k\000l\000i\000s\000t}{section.10}% 91
\BOOKMARK [2][-]{subsection.10.7}{\376\377\000S\000u\000m\000m\000a\000r\000y\000:\000\040\000T\000h\000e\000\040\000D\000e\000c\000i\000s\000i\000o\000n\000\040\000T\000r\000e\000e}{section.10}% 92
\BOOKMARK [1][-]{section.11}{\376\377\000F\000u\000t\000u\000r\000e\000\040\000W\000o\000r\000k}{}% 93
\BOOKMARK [1][-]{section.12}{\376\377\000R\000e\000f\000e\000r\000e\000n\000c\000e\000s}{}% 94
